<?xml version="1.0" encoding="UTF-8"?>
<!-- Generated by org.testng.reporters.JUnitXMLReporter -->
<testsuite hostname="IN-L1588" ignored="2" name="Employee Test" tests="1" failures="0" timestamp="03 Jul 2021 13:08:28 GMT" time="4.641" errors="0">
  <testcase name="testGetEmployee" time="4.141" classname="com.employee.api.EmployeeTest"/>
  <testcase name="testAddEmployee" time="0.0" classname="com.employee.api.EmployeeTest">
    <ignored/>
  </testcase> <!-- testAddEmployee -->
  <testcase name="testUpdateEmployee" time="0.0" classname="com.employee.api.EmployeeTest">
    <ignored/>
  </testcase> <!-- testUpdateEmployee -->
</testsuite> <!-- Employee Test -->
